<?xml version="1.0" encoding="UTF-8"?>
<!-- Generated by org.testng.reporters.JUnitReportReporter -->
<testsuite hostname="DESKTOP-313PUS5" failures="0" tests="1" name="testscript.testcase2" time="14.641" errors="0" timestamp="2022-09-10T14:09:40 IST" skipped="0">
  <testcase classname="testscript.testcase2" name="tc2" time="14.641"/>
  <system-out/>
</testsuite> <!-- testscript.testcase2 -->
