<?xml version="1.0" encoding="UTF-8"?>
<!-- Generated by org.testng.reporters.JUnitReportReporter -->
<testsuite hostname="DESKTOP-313PUS5" failures="0" tests="1" name="testscript.Testcase3" time="16.773" errors="0" timestamp="2022-09-11T16:07:56 IST" skipped="0">
  <testcase classname="testscript.Testcase3" name="tc1" time="16.773"/>
  <system-out/>
</testsuite> <!-- testscript.Testcase3 -->
