<?xml version="1.0" encoding="UTF-8"?>
<!-- Generated by org.testng.reporters.JUnitReportReporter -->
<testsuite hostname="DESKTOP-313PUS5" failures="0" tests="1" name="testscript.test3" time="14.310" errors="0" timestamp="2022-09-11T15:39:11 IST" skipped="0">
  <testcase classname="testscript.test3" name="tc3" time="14.310"/>
  <system-out/>
</testsuite> <!-- testscript.test3 -->
