<?xml version="1.0" encoding="UTF-8"?>
<!-- Generated by org.testng.reporters.JUnitReportReporter -->
<testsuite hostname="DESKTOP-313PUS5" failures="0" tests="1" name="testscript.testcase1" time="12.414" errors="0" timestamp="2022-09-09T22:31:41 IST" skipped="0">
  <testcase classname="testscript.testcase1" name="tc1" time="12.414"/>
  <system-out/>
</testsuite> <!-- testscript.testcase1 -->
